(1703560121.247259) can0 1826F456#010100
(1703560121.247259) can0 1826F456#010100
(1703560121.247259) can0 1826F456#010100
(1703560121.247259) can0 1826F456#010100
(1703560121.247259) can0 1826F456#010100
(1703560121.247259) can0 1826F456#010100
(1703560121.247259) can0 1826F456#010100
(1703560121.247259) can0 1826F456#010100
(1703560121.247259) can0 182756F4#5713
(1703560121.247259) can0 1826F456#010100
(1703560121.247259) can0 182756F4#5713
(1703560121.247259) can0 182756F4#5713
(1703560121.247259) can0 1826F456#010100
(1703560121.247259) can0 182756F4#5713
(1703560121.247259) can0 182756F4#5713
(1703560121.247259) can0 1826F456#010100
(1703560121.247259) can0 182756F4#5713
(1703560121.247259) can0 182756F4#5713
(1703560121.247259) can0 1826F456#010100
(1703560121.247259) can0 182756F4#5713
(1703560121.247259) can0 182756F4#5713
(1703560121.247259) can0 1826F456#010100
(1703560121.247259) can0 182756F4#5713
(1703560121.247259) can0 182756F4#5713
(1703560121.247259) can0 1826F456#010100
(1703560121.247259) can0 182756F4#5713
(1703560121.247259) can0 182756F4#5713
(1703560121.247259) can0 1826F456#010100
(1703560121.247259) can0 182756F4#5713
(1703560121.247259) can0 182756F4#5713
(1703560121.247259) can0 1826F456#010100
(1703560121.247259) can0 182756F4#5713
(1703560121.247259) can0 182756F4#5713
(1703560121.247259) can0 1826F456#010100
(1703560121.247259) can0 182756F4#5713
(1703560121.247259) can0 182756F4#5713
(1703560121.247259) can0 1826F456#010100
(1703560121.247259) can0 182756F4#5713
(1703560121.247259) can0 182756F4#5713
(1703560121.247259) can0 1826F456#010100
(1703560121.247259) can0 182756F4#5713
(1703560121.247259) can0 182756F4#5713
(1703560121.247259) can0 1826F456#010100
(1703560121.247259) can0 182756F4#5713
(1703560121.247259) can0 182756F4#5713
(1703560121.247259) can0 1826F456#010100
(1703560121.247259) can0 182756F4#5713
(1703560121.247259) can0 182756F4#5713
(1703560121.247259) can0 1826F456#010100
(1703560121.247259) can0 182756F4#5713
(1703560121.247259) can0 182756F4#5713
(1703560121.247259) can0 1826F456#010100
(1703560121.247259) can0 182756F4#5713
(1703560121.247259) can0 182756F4#5713
(1703560121.247259) can0 1826F456#010100
(1703560121.247259) can0 182756F4#5713
(1703560121.247259) can0 182756F4#5713
(1703560121.247259) can0 1826F456#010100
(1703560121.247259) can0 182756F4#5713
(1703560121.247259) can0 182756F4#5713
(1703560121.247259) can0 1826F456#010100
(1703560121.247259) can0 182756F4#5713
(1703560121.247259) can0 182756F4#5713
(1703560121.247259) can0 1826F456#010100
(1703560121.247259) can0 182756F4#5713
(1703560121.247259) can0 182756F4#5713
(1703560121.247259) can0 1826F456#010100
(1703560121.247259) can0 182756F4#5713
(1703560121.247259) can0 182756F4#5713
(1703560121.247259) can0 1826F456#010100
(1703560121.247259) can0 182756F4#5713
(1703560121.247259) can0 182756F4#5713
(1703560121.247259) can0 1826F456#010100
(1703560121.247259) can0 182756F4#5713
(1703560121.247259) can0 182756F4#5713
(1703560121.247259) can0 1826F456#010100
(1703560121.247259) can0 182756F4#5713
(1703560121.247259) can0 182756F4#5713
(1703560121.247259) can0 1826F456#010100
(1703560121.247259) can0 182756F4#5713
(1703560121.247259) can0 182756F4#5713
(1703560121.247259) can0 1801F456#0000000000554120
(1703560121.247259) can0 1CEC56F4#1031000707000200
(1703560121.247259) can0 1801F456#0000000000554120
(1703560121.247259) can0 1801F456#0000000000554120
(1703560121.247259) can0 1CEC56F4#FFFFFFFFFF000200
(1703560121.247259) can0 1801F456#0000000000554120
(1703560121.247259) can0 1CEC56F4#1031000707000200
(1703560121.247259) can0 1801F456#0000000000554120
(1703560121.247259) can0 1801F456#0000000000554120
(1703560121.247259) can0 1CEC56F4#FFFFFFFFFF000200
(1703560121.247259) can0 1801F456#0000000000554120
(1703560121.247259) can0 1CEC56F4#1031000707000200
(1703560121.247259) can0 1801F456#0000000000554120
(1703560121.247259) can0 1801F456#0000000000554120
(1703560121.247259) can0 1CEC56F4#FFFFFFFFFF000200
(1703560121.247259) can0 1CEC56F4#1031000707000200
(1703560121.247259) can0 1801F456#0000000000554120
(1703560121.247259) can0 1801F456#0000000000554120
(1703560121.247259) can0 1801F456#0000000000554120
(1703560121.247259) can0 081E56F4#F4F0F0FC
(1703560121.247259) can0 081E56F4#F4F0F0FC
(1703560121.247259) can0 1801F456#0000000000554120
(1703560121.247259) can0 081E56F4#F4F0F0FC
(1703560121.247259) can0 081E56F4#F4F0F0FC
(1703560121.247259) can0 1801F456#0000000000554120
(1703560121.247259) can0 081E56F4#F4F0F0FC
(1703560121.247259) can0 1801F456#0000000000554120
(1703560121.247259) can0 1801F456#0000000000554120
(1703560121.247259) can0 1801F456#0000000000554120
(1703560121.247259) can0 1801F456#0000000000554120
(1703560121.247259) can0 1801F456#0000000000554120
(1703560121.247259) can0 1801F456#0000000000554120
(1703560121.247259) can0 1CEC56F4#1031000707000200
(1703560121.247259) can0 1801F456#0000000000554120
(1703560121.247259) can0 1801F456#0000000000554120
(1703560121.247259) can0 1CEC56F4#FFFFFFFFFF000200
(1703560121.247259) can0 1801F456#0000000000554120
(1703560121.247259) can0 1CEC56F4#1031000707000200
(1703560121.247259) can0 1801F456#0000000000554120
(1703560121.247259) can0 1801F456#0000000000554120
(1703560121.247259) can0 1CEC56F4#FFFFFFFFFF000200
(1703560121.247259) can0 1801F456#0000000000554120
(1703560121.247259) can0 1CEC56F4#1031000707000200
(1703560121.247259) can0 1801F456#0000000000554120
(1703560121.247259) can0 1801F456#0000000000554120
(1703560121.247259) can0 1CEC56F4#FFFFFFFFFF000200
(1703560121.247259) can0 1CEC56F4#1031000707000200
(1703560121.247259) can0 1801F456#0000000000554120
(1703560121.247259) can0 1801F456#0000000000554120
(1703560121.247259) can0 1801F456#0000000000554120
(1703560121.247259) can0 081E56F4#F4F0F0FC
(1703560121.247259) can0 081E56F4#F4F0F0FC
(1703560121.247259) can0 1801F456#0000000000554120
(1703560121.247259) can0 081E56F4#F4F0F0FC
(1703560121.247259) can0 081E56F4#F4F0F0FC
(1703560121.247259) can0 1801F456#AA00000000554120
(1703560121.247259) can0 081E56F4#F4F0F0FC
(1703560121.247259) can0 1801F456#AA00000000554120
(1703560121.247259) can0 1801F456#AA00000000554120
(1703560121.247259) can0 1CEC56F4#100D000202000600
(1703560121.247259) can0 1801F456#AA00000000554120
(1703560121.247259) can0 1801F456#AA00000000554120
(1703560121.247259) can0 1801F456#AA00000000554120
(1703560121.247259) can0 1CEC56F4#FFFFFFFFFF000600
(1703560121.247259) can0 1801F456#AA00000000554120
(1703560121.247259) can0 1CEC56F4#100D000202000600
(1703560121.247259) can0 1801F456#AA00000000554120
(1703560121.247259) can0 1801F456#AA00000000554120
(1703560121.247259) can0 1CEC56F4#FFFFFFFFFF000600
(1703560121.247259) can0 1801F456#AA00000000554120
(1703560121.247259) can0 1CEC56F4#100D000202000600
(1703560121.247259) can0 1801F456#AA00000000554120
(1703560121.247259) can0 1801F456#AA00000000554120
(1703560121.247259) can0 1801F456#AA00000000554120
(1703560121.247259) can0 1CEC56F4#FFFFFFFFFF000600
(1703560121.247259) can0 1801F456#AA00000000554120
(1703560121.247259) can0 081E56F4#F0F1F0FC
(1703560121.247259) can0 081E56F4#F0F1F0FC
(1703560121.247259) can0 1801F456#AA00000000554120
(1703560121.247259) can0 081E56F4#F0F1F0FC
(1703560121.247259) can0 081E56F4#F0F1F0FC
(1703560121.247259) can0 1801F456#AA00000000554120
(1703560121.247259) can0 081E56F4#F0F1F0FC
(1703560121.247259) can0 1801F456#AA00000000554120
(1703560121.247259) can0 1801F456#AA00000000554120
(1703560121.247259) can0 1801F456#AA00000000554120
(1703560121.247259) can0 1801F456#AA00000000554120
(1703560121.247259) can0 1801F456#AA00000000554120
(1703560121.247259) can0 1801F456#AA00000000554120
(1703560121.247259) can0 1801F456#AA00000000554120
(1703560121.247259) can0 1801F456#AA00000000554120
(1703560121.247259) can0 1CEC56F4#100D000202000600
(1703560121.247259) can0 1801F456#AA00000000554120
(1703560121.247259) can0 1801F456#AA00000000554120
(1703560121.247259) can0 1801F456#AA00000000554120
(1703560121.247259) can0 1CEC56F4#FFFFFFFFFF000600
(1703560121.247259) can0 1801F456#AA00000000554120
(1703560121.247259) can0 1CEC56F4#100D000202000600
(1703560121.247259) can0 1801F456#AA00000000554120
(1703560121.247259) can0 1801F456#AA00000000554120
(1703560121.247259) can0 1807F456#1A061414150000
(1703560121.247259) can0 1808F456#6419D007AC0DB004
(1703560121.247259) can0 1807F456#1A061414150000
(1703560121.247259) can0 1808F456#6419D007AC0DB004
(1703560121.247259) can0 1807F456#1A061414150000
(1703560121.247259) can0 1808F456#6419D007AC0DB004
(1703560121.247259) can0 1807F456#1A061414150000